<?xml version="1.0" encoding="UTF-8"?>
<!-- Generated by org.testng.reporters.JUnitReportReporter -->
<testsuite hostname="DESKTOP-PBIIE30" failures="0" tests="1" name="mvn.mvnproject.checkmaven" time="0.015" errors="0" timestamp="2021-10-06T16:04:51 IST" skipped="0">
  <testcase classname="mvn.mvnproject.checkmaven" name="mvnfun" time="0.015"/>
  <system-out/>
</testsuite> <!-- mvn.mvnproject.checkmaven -->
